<?xml version="1.0" encoding="UTF-8" ?>
<testsuites disabled="0" errors="0" failures="1" tests="2" time="6.944">
 <testsuite name="demo calculator test" timestamp="2020-05-20T15:13:04" hostname="localhost" time="6.944" errors="0" tests="2" skipped="0" disabled="0" failures="1">
  <testcase classname="demo calculator test" name="addition test" time="6.928" />
  <testcase classname="demo calculator test" name="subtraction test" time="0.012">
   <failure type="exception" message="Failed: homepage.clickGo1 is not a function"><![CDATA[TypeError: homepage.clickGo1 is not a function
    at UserContext.<anonymous> (C:\Users\Pranita\Desktop\Projects\ProtractorDemo\tests\calculator.js:37:14)
    at C:\Users\Pranita\AppData\Roaming\npm\node_modules\protractor\node_modules\jasminewd2\index.js:112:25
    at new ManagedPromise (C:\Users\Pranita\AppData\Roaming\npm\node_modules\protractor\node_modules\selenium-webdriver\lib\promise.js:1077:7)
    at ControlFlow.promise (C:\Users\Pranita\AppData\Roaming\npm\node_modules\protractor\node_modules\selenium-webdriver\lib\promise.js:2505:12)
    at schedulerExecute (C:\Users\Pranita\AppData\Roaming\npm\node_modules\protractor\node_modules\jasminewd2\index.js:95:18)
    at TaskQueue.execute_ (C:\Users\Pranita\AppData\Roaming\npm\node_modules\protractor\node_modules\selenium-webdriver\lib\promise.js:3084:14)
    at TaskQueue.executeNext_ (C:\Users\Pranita\AppData\Roaming\npm\node_modules\protractor\node_modules\selenium-webdriver\lib\promise.js:3067:27)
    at C:\Users\Pranita\AppData\Roaming\npm\node_modules\protractor\node_modules\selenium-webdriver\lib\promise.js:2974:25
    at C:\Users\Pranita\AppData\Roaming\npm\node_modules\protractor\node_modules\selenium-webdriver\lib\promise.js:668:7
    at processTicksAndRejections (internal/process/task_queues.js:97:5)
From: Task: Run it("subtraction test") in control flow
    at UserContext.<anonymous> (C:\Users\Pranita\AppData\Roaming\npm\node_modules\protractor\node_modules\jasminewd2\index.js:94:19)
    at attempt (C:\Users\Pranita\AppData\Roaming\npm\node_modules\protractor\node_modules\jasmine-core\lib\jasmine-core\jasmine.js:4297:26)
    at QueueRunner.run (C:\Users\Pranita\AppData\Roaming\npm\node_modules\protractor\node_modules\jasmine-core\lib\jasmine-core\jasmine.js:4217:20)
    at QueueRunner.execute (C:\Users\Pranita\AppData\Roaming\npm\node_modules\protractor\node_modules\jasmine-core\lib\jasmine-core\jasmine.js:4199:10)
    at Spec.queueRunnerFactory (C:\Users\Pranita\AppData\Roaming\npm\node_modules\protractor\node_modules\jasmine-core\lib\jasmine-core\jasmine.js:909:35)
    at Spec.execute (C:\Users\Pranita\AppData\Roaming\npm\node_modules\protractor\node_modules\jasmine-core\lib\jasmine-core\jasmine.js:526:10)
    at UserContext.fn (C:\Users\Pranita\AppData\Roaming\npm\node_modules\protractor\node_modules\jasmine-core\lib\jasmine-core\jasmine.js:5340:37)
    at attempt (C:\Users\Pranita\AppData\Roaming\npm\node_modules\protractor\node_modules\jasmine-core\lib\jasmine-core\jasmine.js:4297:26)
    at QueueRunner.run (C:\Users\Pranita\AppData\Roaming\npm\node_modules\protractor\node_modules\jasmine-core\lib\jasmine-core\jasmine.js:4217:20)
    at runNext (C:\Users\Pranita\AppData\Roaming\npm\node_modules\protractor\node_modules\jasmine-core\lib\jasmine-core\jasmine.js:4257:20)
From asynchronous test: 
Error
    at Suite.<anonymous> (C:\Users\Pranita\Desktop\Projects\ProtractorDemo\tests\calculator.js:29:1)
    at addSpecsToSuite (C:\Users\Pranita\AppData\Roaming\npm\node_modules\protractor\node_modules\jasmine-core\lib\jasmine-core\jasmine.js:1107:25)
    at Env.describe (C:\Users\Pranita\AppData\Roaming\npm\node_modules\protractor\node_modules\jasmine-core\lib\jasmine-core\jasmine.js:1074:7)
    at describe (C:\Users\Pranita\AppData\Roaming\npm\node_modules\protractor\node_modules\jasmine-core\lib\jasmine-core\jasmine.js:4399:18)
    at Object.<anonymous> (C:\Users\Pranita\Desktop\Projects\ProtractorDemo\tests\calculator.js:6:1)
    at Module._compile (internal/modules/cjs/loader.js:1133:30)
    at Object.Module._extensions..js (internal/modules/cjs/loader.js:1153:10)
    at Module.load (internal/modules/cjs/loader.js:977:32)
    at Function.Module._load (internal/modules/cjs/loader.js:877:14)]]>
   </failure>
  </testcase>
 </testsuite>
</testsuites>